<?xml version="1.0" encoding="UTF-8"?>
<!-- Generated by org.testng.reporters.JUnitXMLReporter -->
<testsuite ignored="0" hostname="DESKTOP-3R0P461" failures="1" tests="22" name="Test" time="1394.136" errors="0" timestamp="2024-03-06T23:59:21 IST">
  <testcase classname="TestCases.TestCases_of_CICA" name="Login" time="4.639"/>
  <testcase classname="TestCases.TestCases_of_CICA" name="Homepage" time="11.11"/>
  <testcase classname="TestCases.TestCases_of_CICA" name="Step_1" time="64.434"/>
  <testcase classname="TestCases.TestCases_of_CICA" name="Step_2" time="78.081"/>
  <testcase classname="TestCases.TestCases_of_CICA" name="Step_3" time="7.869"/>
  <testcase classname="TestCases.TestCases_of_CICA" name="Step_4" time="97.925"/>
  <testcase classname="TestCases.TestCases_of_CICA" name="Step_5" time="7.441"/>
  <testcase classname="TestCases.TestCases_of_CICA" name="Step_6" time="27.694"/>
  <testcase classname="TestCases.TestCases_of_CICA" name="Step_7" time="5.084"/>
  <testcase classname="TestCases.TestCases_of_CICA" name="Step_8" time="41.804"/>
  <testcase classname="TestCases.TestCases_of_CICA" name="Update" time="5.387"/>
  <testcase classname="TestCases.TestCases_of_CICA" name="Step_10" time="288.426"/>
  <testcase classname="TestCases.TestCases_of_CICA2" name="Login" time="1.6"/>
  <testcase classname="TestCases.TestCases_of_CICA2" name="Homepage" time="9.264"/>
  <testcase classname="TestCases.TestCases_of_CICA2" name="Step_1" time="61.533"/>
  <testcase classname="TestCases.TestCases_of_CICA2" name="Step_2" time="76.269"/>
  <testcase classname="TestCases.TestCases_of_CICA2" name="Step_3" time="7.662"/>
  <testcase classname="TestCases.TestCases_of_CICA2" name="Step_4" time="98.163"/>
  <testcase classname="TestCases.TestCases_of_CICA2" name="Step_5" time="7.553"/>
  <testcase classname="TestCases.TestCases_of_CICA2" name="Step_6" time="85.521"/>
  <testcase classname="TestCases.TestCases_of_CICA2" name="Update" time="61.104">
    <failure type="org.openqa.selenium.NoSuchElementException" message="no such element: Unable to locate element: {&amp;quot;method&amp;quot;:&amp;quot;xpath&amp;quot;,&amp;quot;selector&amp;quot;:&amp;quot;(//ion-col[@size=&amp;apos;24&amp;apos; and@size-md=&amp;apos;18&amp;apos; ]/ion-button[@class = &amp;apos;md button button-solid ion-activatable ion-focusable hydrated&amp;apos;])[13]&amp;quot;}
  (Session info: chrome=122.0.6261.95)
For documentation on this error, please visit: https://www.selenium.dev/documentation/webdriver/troubleshooting/errors#no-such-element-exception
Build info: version: &amp;apos;4.12.0&amp;apos;, revision: &amp;apos;249f2a7d1b*&amp;apos;
System info: os.name: &amp;apos;Windows 11&amp;apos;, os.arch: &amp;apos;amd64&amp;apos;, os.version: &amp;apos;10.0&amp;apos;, java.version: &amp;apos;17.0.6&amp;apos;
Driver info: org.openqa.selenium.chrome.ChromeDriver
Command: [7e2cce6ecc1ebea027452e1a2f8f3427, findElement {using=xpath, value=(//ion-col[@size=&amp;apos;24&amp;apos; and@size-md=&amp;apos;18&amp;apos; ]/ion-button[@class = &amp;apos;md button button-solid ion-activatable ion-focusable hydrated&amp;apos;])[13]}]
Capabilities {acceptInsecureCerts: false, browserName: chrome, browserVersion: 122.0.6261.95, chrome: {chromedriverVersion: 122.0.6261.94 (880dbf29479c..., userDataDir: C:\Users\Codetru\AppData\Lo...}, fedcm:accounts: true, goog:chromeOptions: {debuggerAddress: localhost:52639}, networkConnectionEnabled: false, pageLoadStrategy: normal, platformName: windows, proxy: Proxy(), se:cdp: ws://localhost:52639/devtoo..., se:cdpVersion: 122.0.6261.95, setWindowRect: true, strictFileInteractability: false, timeouts: {implicit: 0, pageLoad: 300000, script: 30000}, unhandledPromptBehavior: dismiss and notify, webauthn:extension:credBlob: true, webauthn:extension:largeBlob: true, webauthn:extension:minPinLength: true, webauthn:extension:prf: true, webauthn:virtualAuthenticators: true}
Session ID: 7e2cce6ecc1ebea027452e1a2f8f3427">
      <![CDATA[org.openqa.selenium.NoSuchElementException: no such element: Unable to locate element: {"method":"xpath","selector":"(//ion-col[@size='24' and@size-md='18' ]/ion-button[@class = 'md button button-solid ion-activatable ion-focusable hydrated'])[13]"}
  (Session info: chrome=122.0.6261.95)
For documentation on this error, please visit: https://www.selenium.dev/documentation/webdriver/troubleshooting/errors#no-such-element-exception
Build info: version: '4.12.0', revision: '249f2a7d1b*'
System info: os.name: 'Windows 11', os.arch: 'amd64', os.version: '10.0', java.version: '17.0.6'
Driver info: org.openqa.selenium.chrome.ChromeDriver
Command: [7e2cce6ecc1ebea027452e1a2f8f3427, findElement {using=xpath, value=(//ion-col[@size='24' and@size-md='18' ]/ion-button[@class = 'md button button-solid ion-activatable ion-focusable hydrated'])[13]}]
Capabilities {acceptInsecureCerts: false, browserName: chrome, browserVersion: 122.0.6261.95, chrome: {chromedriverVersion: 122.0.6261.94 (880dbf29479c..., userDataDir: C:\Users\Codetru\AppData\Lo...}, fedcm:accounts: true, goog:chromeOptions: {debuggerAddress: localhost:52639}, networkConnectionEnabled: false, pageLoadStrategy: normal, platformName: windows, proxy: Proxy(), se:cdp: ws://localhost:52639/devtoo..., se:cdpVersion: 122.0.6261.95, setWindowRect: true, strictFileInteractability: false, timeouts: {implicit: 0, pageLoad: 300000, script: 30000}, unhandledPromptBehavior: dismiss and notify, webauthn:extension:credBlob: true, webauthn:extension:largeBlob: true, webauthn:extension:minPinLength: true, webauthn:extension:prf: true, webauthn:virtualAuthenticators: true}
Session ID: 7e2cce6ecc1ebea027452e1a2f8f3427
at org.openqa.selenium.remote.codec.w3c.W3CHttpResponseCodec.createException(W3CHttpResponseCodec.java:200)
at org.openqa.selenium.remote.codec.w3c.W3CHttpResponseCodec.decode(W3CHttpResponseCodec.java:133)
at org.openqa.selenium.remote.codec.w3c.W3CHttpResponseCodec.decode(W3CHttpResponseCodec.java:52)
at org.openqa.selenium.remote.HttpCommandExecutor.execute(HttpCommandExecutor.java:191)
at org.openqa.selenium.remote.service.DriverCommandExecutor.invokeExecute(DriverCommandExecutor.java:196)
at org.openqa.selenium.remote.service.DriverCommandExecutor.execute(DriverCommandExecutor.java:171)
at org.openqa.selenium.remote.RemoteWebDriver.execute(RemoteWebDriver.java:602)
at org.openqa.selenium.remote.ElementLocation$ElementFinder$2.findElement(ElementLocation.java:165)
at org.openqa.selenium.remote.ElementLocation.findElement(ElementLocation.java:59)
at org.openqa.selenium.remote.RemoteWebDriver.findElement(RemoteWebDriver.java:359)
at org.openqa.selenium.remote.RemoteWebDriver.findElement(RemoteWebDriver.java:353)
at org.openqa.selenium.support.pagefactory.DefaultElementLocator.findElement(DefaultElementLocator.java:68)
at org.openqa.selenium.support.pagefactory.internal.LocatingElementHandler.invoke(LocatingElementHandler.java:38)
at jdk.proxy2/jdk.proxy2.$Proxy18.click(Unknown Source)
at pages.T_Edit_and_Submit.Edit_Submit(T_Edit_and_Submit.java:39)
at TestCases.TestCases_of_CICA2.Update(TestCases_of_CICA2.java:107)
at java.base/java.util.ArrayList.forEach(ArrayList.java:1511)
... Removed 32 stack frames]]>
    </failure>
  </testcase> <!-- Update -->
  <testcase classname="TestCases.TestCases_of_CICA2" name="Step_10" time="286.118"/>
</testsuite> <!-- Test -->
